<?xml version="1.0" encoding="UTF-8"?>
<!-- Generated by org.testng.reporters.JUnitReportReporter -->
<testsuite hostname="LAPTOP-5V13MGQV" failures="0" tests="9" name="com.automation.framework.runners.TestRunner" time="596.666" errors="1" timestamp="2026-08-19T15:18:35 IST" skipped="0">
  <testcase classname="com.automation.framework.runners.TestRunner" name="runScenario" time="62.979"/>
  <testcase classname="com.automation.framework.runners.TestRunner" name="runScenario" time="70.858"/>
  <testcase classname="com.automation.framework.runners.TestRunner" name="runScenario" time="69.832"/>
  <testcase classname="com.automation.framework.runners.TestRunner" name="runScenario" time="47.606"/>
  <testcase classname="com.automation.framework.runners.TestRunner" name="runScenario" time="71.490">
    <error message="Failed to read Excel data" type="java.lang.RuntimeException">
      <![CDATA[java.lang.RuntimeException: Failed to read Excel data
at com.automation.framework.library.ExcelDataReader.getData(ExcelDataReader.java:84)
at com.automation.framework.library.ExcelDataReader.getDefaultData(ExcelDataReader.java:97)
at com.automation.framework.library.ExcelDataReader.getTestDataByCaseId(ExcelDataReader.java:109)
at com.automation.framework.stepdefinitions.LoginSteps.theUserLogsInUsingTestDataFromExcel(LoginSteps.java:61)
at ✽.the user logs in using test data from Excel sheet "LoginData" for test case "TC_001"(file:///D:/Projects/demo/src/test/resources/features/Login.feature:45)
Caused by: java.io.IOException: org.apache.poi.openxml4j.exceptions.InvalidFormatException: Package should contain a content type part [M1.13]
at org.apache.poi.xssf.usermodel.XSSFWorkbookFactory.create(XSSFWorkbookFactory.java:100)
at org.apache.poi.xssf.usermodel.XSSFWorkbookFactory.create(XSSFWorkbookFactory.java:36)
at org.apache.poi.ss.usermodel.WorkbookFactory.lambda$create$2(WorkbookFactory.java:224)
at org.apache.poi.ss.usermodel.WorkbookFactory.wp(WorkbookFactory.java:329)
at org.apache.poi.ss.usermodel.WorkbookFactory.create(WorkbookFactory.java:224)
at org.apache.poi.ss.usermodel.WorkbookFactory.create(WorkbookFactory.java:185)
at com.automation.framework.library.ExcelDataReader.getData(ExcelDataReader.java:39)
at com.automation.framework.library.ExcelDataReader.getDefaultData(ExcelDataReader.java:97)
at com.automation.framework.library.ExcelDataReader.getTestDataByCaseId(ExcelDataReader.java:109)
at com.automation.framework.stepdefinitions.LoginSteps.theUserLogsInUsingTestDataFromExcel(LoginSteps.java:61)
at java.base/jdk.internal.reflect.DirectMethodHandleAccessor.invoke(Unknown Source)
at java.base/java.lang.reflect.Method.invoke(Unknown Source)
at io.cucumber.java.Invoker.doInvoke(Invoker.java:66)
at io.cucumber.java.Invoker.invoke(Invoker.java:24)
at io.cucumber.java.AbstractGlueDefinition.invokeMethod(AbstractGlueDefinition.java:47)
at io.cucumber.java.JavaStepDefinition.execute(JavaStepDefinition.java:29)
at io.cucumber.core.runner.CoreStepDefinition.execute(CoreStepDefinition.java:66)
at io.cucumber.core.runner.PickleStepDefinitionMatch.runStep(PickleStepDefinitionMatch.java:62)
at io.cucumber.core.runner.ExecutionMode$1.execute(ExecutionMode.java:10)
at io.cucumber.core.runner.TestStep.executeStep(TestStep.java:81)
at io.cucumber.core.runner.TestStep.run(TestStep.java:53)
at io.cucumber.core.runner.PickleStepTestStep.run(PickleStepTestStep.java:51)
at io.cucumber.core.runner.TestCase.run(TestCase.java:84)
at io.cucumber.core.runner.Runner.runPickle(Runner.java:75)
at io.cucumber.testng.TestNGCucumberRunner.lambda$runScenario$1(TestNGCucumberRunner.java:135)
at io.cucumber.core.runtime.CucumberExecutionContext.lambda$runTestCase$5(CucumberExecutionContext.java:136)
at io.cucumber.core.runtime.RethrowingThrowableCollector.executeAndThrow(RethrowingThrowableCollector.java:23)
at io.cucumber.core.runtime.CucumberExecutionContext.runTestCase(CucumberExecutionContext.java:136)
at io.cucumber.testng.TestNGCucumberRunner.runScenario(TestNGCucumberRunner.java:132)
at io.cucumber.testng.AbstractTestNGCucumberTests.runScenario(AbstractTestNGCucumberTests.java:35)
at java.base/jdk.internal.reflect.DirectMethodHandleAccessor.invoke(Unknown Source)
at java.base/java.lang.reflect.Method.invoke(Unknown Source)
at org.testng.internal.invokers.MethodInvocationHelper.invokeMethod(MethodInvocationHelper.java:141)
at org.testng.internal.invokers.TestInvoker.invokeMethod(TestInvoker.java:686)
at org.testng.internal.invokers.TestInvoker.invokeTestMethod(TestInvoker.java:230)
at org.testng.internal.invokers.TestMethodWithDataProviderMethodWorker.call(TestMethodWithDataProviderMethodWorker.java:81)
at org.testng.internal.thread.Async$AsyncTask.run(Async.java:34)
at java.base/java.util.concurrent.ThreadPoolExecutor.runWorker(Unknown Source)
at java.base/java.util.concurrent.ThreadPoolExecutor$Worker.run(Unknown Source)
at java.base/java.lang.Thread.run(Unknown Source)
Caused by: org.apache.poi.openxml4j.exceptions.InvalidFormatException: Package should contain a content type part [M1.13]
at org.apache.poi.openxml4j.opc.ZipPackage.getPartsImpl(ZipPackage.java:302)
at org.apache.poi.openxml4j.opc.OPCPackage.getParts(OPCPackage.java:796)
at org.apache.poi.openxml4j.opc.OPCPackage.open(OPCPackage.java:332)
at org.apache.poi.xssf.usermodel.XSSFWorkbookFactory.create(XSSFWorkbookFactory.java:97)
... 39 more
]]>
    </error>
  </testcase> <!-- runScenario -->
  <testcase classname="com.automation.framework.runners.TestRunner" name="runScenario" time="75.417"/>
  <testcase classname="com.automation.framework.runners.TestRunner" name="runScenario" time="49.050"/>
  <testcase classname="com.automation.framework.runners.TestRunner" name="runScenario" time="74.483"/>
  <testcase classname="com.automation.framework.runners.TestRunner" name="runScenario" time="74.951"/>
</testsuite> <!-- com.automation.framework.runners.TestRunner -->
